[2026-04-18 23:16:23] OK - gust=9 speed=6 level=ok (fcst max 9)
[2026-04-18 23:22:23] OK - gust=9 speed=6 level=ok (fcst max 9)
[2026-04-18 23:42:04] OK - gust=9 speed=6 level=ok (fcst max 10)
[2026-04-18 23:56:49] OK - gust=9 speed=6 level=ok (fcst max 10)
[2026-04-19 00:34:20] OK - gust=9 speed=6 level=ok (fcst max 10)
[2026-04-19 01:18:46] OK - gust=9 speed=6 level=ok (fcst max 10)
[2026-04-19 01:58:52] OK - gust=9 speed=5 level=ok (fcst max 10)
[2026-04-19 05:25:12] OK - gust=10 speed=5 level=ok (fcst max 8)
[2026-04-19 07:39:21] OK - gust=5 speed=2 level=ok (fcst max 8)
[2026-04-19 09:01:21] OK - gust=4 speed=2 level=ok (fcst max 13)
[2026-04-19 10:13:38] OK - gust=8 speed=2 level=ok (fcst max 16)
[2026-04-19 11:07:47] OK - gust=12 speed=7 level=ok (fcst max 17)
[2026-04-19 12:00:27] OK - gust=15 speed=9 level=ok (fcst max 19)
[2026-04-19 12:59:26] OK - gust=14 speed=12 level=ok (fcst max 17)
[2026-04-19 13:41:14] OK - gust=15 speed=10 level=ok (fcst max 17)
[2026-04-19 14:03:25] OK - gust=17 speed=9 level=ok (fcst max 17)
[2026-04-19 15:34:19] OK - gust=14 speed=6 level=ok (fcst max 16)
[2026-04-19 16:24:27] OK - gust=14 speed=6 level=ok (fcst max 16)
[2026-04-19 17:04:21] OK - gust=13 speed=7 level=ok (fcst max 16)
[2026-04-19 17:53:01] OK - gust=15 speed=7 level=ok (fcst max 16)
[2026-04-19 18:33:37] OK - gust=16 speed=9 level=ok (fcst max 16)
[2026-04-19 19:20:19] OK - gust=14 speed=8 level=ok (fcst max 17)
[2026-04-19 20:00:20] OK - gust=17 speed=10 level=ok (fcst max 17)
[2026-04-19 21:08:16] OK - gust=17 speed=6 level=ok (fcst max 12)
[2026-04-19 21:52:43] Alert inviati: ['forecast'] | gust=9
[2026-04-19 22:31:31] OK - gust=12 speed=7 level=ok (fcst max 27)
[2026-04-19 23:18:46] OK - gust=18 speed=12 level=ok (fcst max 27)
[2026-04-19 23:56:59] Alert inviati: ['level_up'] | gust=25
[2026-04-20 00:35:39] Alert inviati: ['recovery'] | gust=18
[2026-04-20 01:20:29] OK - gust=18 speed=6 level=ok (fcst max 17)
[2026-04-20 02:00:14] OK - gust=17 speed=10 level=ok (fcst max 17)
[2026-04-20 05:42:23] OK - gust=12 speed=7 level=ok (fcst max 13)
[2026-04-20 08:03:32] OK - gust=16 speed=7 level=ok (fcst max 15)
[2026-04-20 10:26:53] OK - gust=13 speed=6 level=ok (fcst max 17)
[2026-04-20 12:15:04] OK - gust=16 speed=10 level=ok (fcst max 17)
[2026-04-20 13:43:55] OK - gust=14 speed=9 level=ok (fcst max 13)
[2026-04-20 14:51:50] OK - gust=12 speed=10 level=ok (fcst max 13)
[2026-04-20 16:44:38] OK - gust=12 speed=8 level=ok (fcst max 13)
[2026-04-20 17:57:56] OK - gust=12 speed=6 level=ok (fcst max 13)
[2026-04-20 19:06:37] OK - gust=11 speed=6 level=ok (fcst max 9)
[2026-04-20 20:09:22] OK - gust=9 speed=3 level=ok (fcst max 8)
[2026-04-20 21:32:23] OK - gust=6 speed=2 level=ok (fcst max 9)
[2026-04-20 22:25:28] OK - gust=7 speed=2 level=ok (fcst max 10)
[2026-04-20 23:08:14] OK - gust=8 speed=5 level=ok (fcst max 10)
[2026-04-21 00:02:08] OK - gust=9 speed=6 level=ok (fcst max 10)
[2026-04-21 01:02:29] OK - gust=9 speed=5 level=ok (fcst max 8)
[2026-04-21 01:57:45] OK - gust=8 speed=4 level=ok (fcst max 8)
[2026-04-21 04:45:05] OK - gust=7 speed=4 level=ok (fcst max 13)
[2026-04-21 07:16:32] Alert inviati: ['forecast'] | gust=17
[2026-04-21 09:10:50] OK - gust=19 speed=10 level=ok (fcst max 20)
[2026-04-21 11:01:31] OK - gust=18 speed=8 level=ok (fcst max 18)
[2026-04-21 12:43:19] OK - gust=16 speed=9 level=ok (fcst max 15)
[2026-04-21 13:45:56] OK - gust=13 speed=9 level=ok (fcst max 12)
[2026-04-21 15:12:42] OK - gust=12 speed=8 level=ok (fcst max 13)
[2026-04-21 16:53:57] OK - gust=12 speed=9 level=ok (fcst max 13)
[2026-04-21 18:07:04] OK - gust=12 speed=8 level=ok (fcst max 13)
[2026-04-21 19:15:54] OK - gust=12 speed=6 level=ok (fcst max 16)
[2026-04-21 20:37:26] Alert inviati: ['forecast'] | gust=11
[2026-04-21 21:49:08] OK - gust=11 speed=7 level=ok (fcst max 23)
[2026-04-21 22:44:00] Alert inviati: ['forecast'] | gust=16
[2026-04-21 23:32:01] Alert inviati: ['level_up'] | gust=22
[2026-04-22 00:24:34] OK - gust=23 speed=13 level=warning (fcst max 24)
[2026-04-22 01:04:43] OK - gust=26 speed=15 level=warning (fcst max 27)
[2026-04-22 01:50:57] OK - gust=24 speed=11 level=warning (fcst max 27)
[2026-04-22 04:02:22] Alert inviati: ['forecast', 'recovery'] | gust=19
[2026-04-22 07:07:25] OK - gust=18 speed=10 level=ok (fcst max 17)
[2026-04-22 09:04:48] OK - gust=13 speed=8 level=ok (fcst max 18)
[2026-04-22 10:56:27] OK - gust=18 speed=9 level=ok (fcst max 18)
[2026-04-22 12:17:40] OK - gust=17 speed=9 level=ok (fcst max 16)
[2026-04-22 13:36:22] OK - gust=14 speed=7 level=ok (fcst max 13)
[2026-04-22 14:44:08] OK - gust=11 speed=6 level=ok (fcst max 9)
[2026-04-22 16:22:50] OK - gust=6 speed=4 level=ok (fcst max 7)
[2026-04-22 17:48:16] OK - gust=6 speed=3 level=ok (fcst max 6)
[2026-04-22 18:53:46] OK - gust=6 speed=3 level=ok (fcst max 6)
[2026-04-22 19:57:14] OK - gust=6 speed=3 level=ok (fcst max 6)
[2026-04-22 21:13:43] OK - gust=5 speed=2 level=ok (fcst max 6)
[2026-04-22 22:14:33] OK - gust=4 speed=2 level=ok (fcst max 8)
[2026-04-22 23:10:54] OK - gust=7 speed=5 level=ok (fcst max 8)
[2026-04-23 00:04:27] OK - gust=8 speed=5 level=ok (fcst max 7)
[2026-04-23 01:05:49] OK - gust=7 speed=5 level=ok (fcst max 9)
[2026-04-23 02:00:22] OK - gust=8 speed=6 level=ok (fcst max 9)
[2026-04-23 05:45:49] OK - gust=8 speed=5 level=ok (fcst max 8)
[2026-04-23 08:02:23] OK - gust=8 speed=4 level=ok (fcst max 8)
[2026-04-23 10:09:40] OK - gust=6 speed=3 level=ok (fcst max 13)
[2026-04-23 11:56:12] OK - gust=13 speed=5 level=ok (fcst max 14)
[2026-04-23 13:06:10] OK - gust=13 speed=6 level=ok (fcst max 13)
[2026-04-23 14:08:04] OK - gust=13 speed=6 level=ok (fcst max 13)
[2026-04-23 16:09:27] OK - gust=13 speed=9 level=ok (fcst max 13)
[2026-04-23 18:06:24] OK - gust=13 speed=7 level=ok (fcst max 12)
[2026-04-23 19:44:05] OK - gust=11 speed=5 level=ok (fcst max 9)
[2026-04-23 20:46:09] OK - gust=7 speed=4 level=ok (fcst max 10)
[2026-04-23 22:08:32] OK - gust=7 speed=5 level=ok (fcst max 10)
[2026-04-23 23:06:28] OK - gust=10 speed=6 level=ok (fcst max 10)
[2026-04-24 00:00:36] OK - gust=10 speed=6 level=ok (fcst max 9)
[2026-04-24 01:05:57] OK - gust=9 speed=6 level=ok (fcst max 10)
[2026-04-24 02:02:04] OK - gust=10 speed=6 level=ok (fcst max 9)
[2026-04-24 05:49:18] OK - gust=9 speed=6 level=ok (fcst max 9)
[2026-04-24 08:04:59] OK - gust=9 speed=4 level=ok (fcst max 10)
[2026-04-24 10:21:50] OK - gust=10 speed=6 level=ok (fcst max 9)
[2026-04-24 12:00:55] OK - gust=8 speed=5 level=ok (fcst max 9)
[2026-04-24 13:21:44] OK - gust=9 speed=8 level=ok (fcst max 9)
[2026-04-24 14:12:25] OK - gust=9 speed=7 level=ok (fcst max 8)
[2026-04-24 16:07:26] OK - gust=7 speed=5 level=ok (fcst max 8)
[2026-04-24 17:36:38] OK - gust=8 speed=3 level=ok (fcst max 8)
[2026-04-24 18:38:08] OK - gust=7 speed=4 level=ok (fcst max 7)
[2026-04-24 19:36:48] OK - gust=7 speed=4 level=ok (fcst max 7)
[2026-04-24 20:29:03] OK - gust=6 speed=3 level=ok (fcst max 9)
[2026-04-24 21:30:43] OK - gust=6 speed=5 level=ok (fcst max 9)
[2026-04-24 22:28:59] OK - gust=6 speed=6 level=ok (fcst max 10)
[2026-04-24 23:25:33] OK - gust=7 speed=5 level=ok (fcst max 10)
[2026-04-25 00:07:25] OK - gust=9 speed=6 level=ok (fcst max 10)
[2026-04-25 00:57:40] OK - gust=10 speed=5 level=ok (fcst max 10)
[2026-04-25 01:40:37] OK - gust=9 speed=4 level=ok (fcst max 8)
[2026-04-25 03:05:17] OK - gust=5 speed=3 level=ok (fcst max 6)
[2026-04-25 06:08:13] OK - gust=7 speed=4 level=ok (fcst max 7)
[2026-04-25 07:57:50] OK - gust=6 speed=3 level=ok (fcst max 9)
[2026-04-25 09:20:46] OK - gust=7 speed=4 level=ok (fcst max 9)
[2026-04-25 10:29:44] OK - gust=10 speed=5 level=ok (fcst max 10)
[2026-04-25 11:29:47] OK - gust=10 speed=4 level=ok (fcst max 10)
[2026-04-25 12:23:16] OK - gust=10 speed=4 level=ok (fcst max 8)
[2026-04-25 13:10:24] OK - gust=10 speed=5 level=ok (fcst max 12)
[2026-04-25 13:53:32] OK - gust=8 speed=5 level=ok (fcst max 12)
[2026-04-25 14:53:00] OK - gust=9 speed=6 level=ok (fcst max 12)
[2026-04-25 16:00:36] OK - gust=12 speed=5 level=ok (fcst max 13)
[2026-04-25 16:59:18] OK - gust=12 speed=4 level=ok (fcst max 13)
[2026-04-25 17:46:33] OK - gust=11 speed=5 level=ok (fcst max 13)
[2026-04-25 18:35:02] OK - gust=12 speed=7 level=ok (fcst max 14)
[2026-04-25 19:23:26] OK - gust=13 speed=6 level=ok (fcst max 10)
[2026-04-25 20:02:18] OK - gust=10 speed=5 level=ok (fcst max 8)
[2026-04-25 21:10:11] OK - gust=8 speed=2 level=ok (fcst max 11)
[2026-04-25 21:53:17] OK - gust=3 speed=3 level=ok (fcst max 9)
[2026-04-25 22:32:46] OK - gust=5 speed=4 level=ok (fcst max 9)
[2026-04-25 23:20:21] OK - gust=9 speed=5 level=ok (fcst max 9)
[2026-04-25 23:59:16] OK - gust=9 speed=6 level=ok (fcst max 9)
[2026-04-26 00:44:48] OK - gust=9 speed=6 level=ok (fcst max 9)
[2026-04-26 01:23:13] OK - gust=9 speed=5 level=ok (fcst max 8)
[2026-04-26 02:01:37] OK - gust=8 speed=5 level=ok (fcst max 8)
[2026-04-26 05:54:57] OK - gust=7 speed=5 level=ok (fcst max 8)
[2026-04-26 08:03:21] OK - gust=7 speed=3 level=ok (fcst max 7)
[2026-04-26 09:54:02] OK - gust=6 speed=1 level=ok (fcst max 8)
[2026-04-26 10:54:15] OK - gust=6 speed=2 level=ok (fcst max 9)
[2026-04-26 11:49:27] OK - gust=8 speed=3 level=ok (fcst max 12)
[2026-04-26 12:40:16] OK - gust=10 speed=4 level=ok (fcst max 12)
[2026-04-26 13:26:04] OK - gust=12 speed=5 level=ok (fcst max 12)
[2026-04-26 14:02:27] OK - gust=12 speed=6 level=ok (fcst max 12)
[2026-04-26 15:40:20] OK - gust=11 speed=6 level=ok (fcst max 12)
[2026-04-26 16:27:46] OK - gust=11 speed=4 level=ok (fcst max 9)
[2026-04-26 17:08:48] OK - gust=9 speed=4 level=ok (fcst max 8)
[2026-04-26 17:56:47] OK - gust=8 speed=4 level=ok (fcst max 8)
[2026-04-26 18:41:32] OK - gust=8 speed=4 level=ok (fcst max 8)
[2026-04-26 19:24:40] OK - gust=8 speed=4 level=ok (fcst max 7)
[2026-04-26 20:03:45] OK - gust=7 speed=3 level=ok (fcst max 10)
[2026-04-26 21:13:10] OK - gust=6 speed=2 level=ok (fcst max 10)
[2026-04-26 21:55:57] OK - gust=8 speed=4 level=ok (fcst max 11)
[2026-04-26 22:35:18] OK - gust=8 speed=5 level=ok (fcst max 11)
[2026-04-26 23:20:50] OK - gust=9 speed=6 level=ok (fcst max 11)
[2026-04-27 00:01:26] OK - gust=11 speed=7 level=ok (fcst max 10)
[2026-04-27 00:58:15] OK - gust=10 speed=6 level=ok (fcst max 10)
[2026-04-27 01:42:17] OK - gust=9 speed=5 level=ok (fcst max 9)
[2026-04-27 03:15:05] OK - gust=7 speed=5 level=ok (fcst max 7)
[2026-04-27 06:42:17] OK - gust=7 speed=4 level=ok (fcst max 6)
[2026-04-27 09:22:22] OK - gust=6 speed=1 level=ok (fcst max 14)
[2026-04-27 11:36:03] OK - gust=12 speed=6 level=ok (fcst max 13)
[2026-04-27 13:26:42] OK - gust=12 speed=6 level=ok (fcst max 9)
[2026-04-27 15:03:03] OK - gust=9 speed=8 level=ok (fcst max 11)
[2026-04-27 17:18:16] OK - gust=10 speed=5 level=ok (fcst max 14)
[2026-04-27 19:03:45] OK - gust=10 speed=6 level=ok (fcst max 10)
[2026-04-27 20:19:19] OK - gust=10 speed=5 level=ok (fcst max 9)
[2026-04-27 21:53:33] OK - gust=8 speed=4 level=ok (fcst max 9)
[2026-04-27 22:56:37] OK - gust=9 speed=6 level=ok (fcst max 9)
[2026-04-27 23:52:18] OK - gust=9 speed=5 level=ok (fcst max 9)
[2026-04-28 00:44:02] OK - gust=7 speed=4 level=ok (fcst max 11)
[2026-04-28 01:38:10] Alert inviati: ['storm_forecast'] | gust=6
[2026-04-28 03:22:11] OK - gust=12 speed=7 level=ok (fcst max 11)
[2026-04-28 06:53:27] OK - gust=6 speed=4 level=ok (fcst max 17)
[2026-04-28 09:28:47] OK - gust=18 speed=10 level=ok (fcst max 19)
[2026-04-28 11:42:21] OK - gust=15 speed=7 level=ok (fcst max 14)
[2026-04-28 13:27:10] OK - gust=10 speed=4 level=ok (fcst max 13)
[2026-04-28 15:12:44] OK - gust=13 speed=6 level=ok (fcst max 17)
[2026-04-28 17:38:22] OK - gust=15 speed=7 level=ok (fcst max 13)
[2026-04-28 19:20:11] Alert inviati: ['forecast'] | gust=8
[2026-04-28 21:02:50] Alert inviati: ['level_up'] | gust=23
[2026-04-28 22:39:26] Alert inviati: ['recovery'] | gust=12
[2026-04-28 23:41:56] OK - gust=12 speed=5 level=ok (fcst max 12)
[2026-04-29 00:38:42] OK - gust=10 speed=4 level=ok (fcst max 10)
[2026-04-29 01:36:45] OK - gust=10 speed=5 level=ok (fcst max 12)
[2026-04-29 03:23:13] OK - gust=11 speed=4 level=ok (fcst max 12)
[2026-04-29 06:48:17] OK - gust=12 speed=7 level=ok (fcst max 14)
[2026-04-29 09:20:21] OK - gust=13 speed=6 level=ok (fcst max 16)
[2026-04-29 11:32:12] OK - gust=11 speed=4 level=ok (fcst max 16)
[2026-04-29 13:18:54] OK - gust=16 speed=10 level=ok (fcst max 13)
[2026-04-29 15:06:32] OK - gust=13 speed=6 level=ok (fcst max 11)
[2026-04-29 17:26:38] OK - gust=9 speed=4 level=ok (fcst max 9)
[2026-04-29 19:00:24] OK - gust=5 speed=2 level=ok (fcst max 11)
[2026-04-29 20:18:19] OK - gust=7 speed=3 level=ok (fcst max 13)
[2026-04-29 21:58:51] Alert inviati: ['forecast'] | gust=10
[2026-04-29 23:11:09] OK - gust=12 speed=8 level=ok (fcst max 25)
[2026-04-30 00:11:07] Alert inviati: ['level_up'] | gust=20
[2026-04-30 01:09:59] OK - gust=21 speed=11 level=warning (fcst max 22)
[2026-04-30 02:06:30] Alert inviati: ['forecast', 'recovery'] | gust=19
[2026-04-30 06:02:34] Alert inviati: ['level_up'] | gust=24
[2026-04-30 08:40:51] Alert inviati: ['recovery'] | gust=18
[2026-04-30 11:02:10] OK - gust=15 speed=9 level=ok (fcst max 16)
[2026-04-30 13:05:06] OK - gust=19 speed=11 level=ok (fcst max 18)
[2026-04-30 14:52:50] OK - gust=15 speed=7 level=ok (fcst max 14)
[2026-04-30 17:04:09] OK - gust=10 speed=4 level=ok (fcst max 8)
[2026-04-30 18:45:44] OK - gust=8 speed=4 level=ok (fcst max 8)
[2026-04-30 20:07:15] OK - gust=6 speed=0 level=ok (fcst max 10)
[2026-04-30 21:48:40] OK - gust=10 speed=6 level=ok (fcst max 11)
[2026-04-30 22:54:56] OK - gust=10 speed=6 level=ok (fcst max 11)
[2026-04-30 23:52:58] OK - gust=10 speed=6 level=ok (fcst max 12)
[2026-05-01 00:47:55] OK - gust=11 speed=6 level=ok (fcst max 13)
[2026-05-01 01:46:56] OK - gust=11 speed=7 level=ok (fcst max 13)
[2026-05-01 04:34:37] OK - gust=12 speed=7 level=ok (fcst max 11)
[2026-05-01 07:55:50] OK - gust=5 speed=3 level=ok (fcst max 6)
[2026-05-01 10:07:53] OK - gust=8 speed=4 level=ok (fcst max 12)
[2026-05-01 11:57:14] OK - gust=12 speed=6 level=ok (fcst max 12)
[2026-05-01 13:06:15] OK - gust=11 speed=5 level=ok (fcst max 9)
[2026-05-01 14:05:33] OK - gust=8 speed=2 level=ok (fcst max 9)
[2026-05-01 15:53:30] OK - gust=10 speed=4 level=ok (fcst max 10)
[2026-05-01 16:50:32] OK - gust=10 speed=4 level=ok (fcst max 10)
[2026-05-01 17:52:09] OK - gust=8 speed=4 level=ok (fcst max 8)
[2026-05-01 18:51:23] OK - gust=7 speed=4 level=ok (fcst max 7)
[2026-05-01 19:54:40] OK - gust=7 speed=3 level=ok (fcst max 7)
[2026-05-01 21:04:07] OK - gust=6 speed=3 level=ok (fcst max 9)
[2026-05-01 22:11:41] OK - gust=8 speed=5 level=ok (fcst max 10)
[2026-05-01 23:07:23] OK - gust=10 speed=6 level=ok (fcst max 10)
[2026-05-02 00:04:42] OK - gust=10 speed=6 level=ok (fcst max 10)
[2026-05-02 01:06:46] OK - gust=10 speed=6 level=ok (fcst max 8)
[2026-05-02 02:04:21] OK - gust=8 speed=6 level=ok (fcst max 8)
[2026-05-02 05:49:24] OK - gust=5 speed=5 level=ok (fcst max 5)
[2026-05-02 08:03:10] OK - gust=5 speed=4 level=ok (fcst max 7)
[2026-05-02 09:58:47] OK - gust=7 speed=3 level=ok (fcst max 9)
[2026-05-02 11:12:20] OK - gust=9 speed=6 level=ok (fcst max 9)
[2026-05-02 12:10:39] OK - gust=8 speed=6 level=ok (fcst max 9)
[2026-05-02 13:06:30] OK - gust=8 speed=7 level=ok (fcst max 10)
[2026-05-02 13:57:44] OK - gust=8 speed=7 level=ok (fcst max 10)
[2026-05-02 15:15:52] OK - gust=10 speed=5 level=ok (fcst max 12)
[2026-05-02 16:28:29] OK - gust=9 speed=5 level=ok (fcst max 11)
[2026-05-02 17:11:47] OK - gust=9 speed=6 level=ok (fcst max 11)
[2026-05-02 18:01:23] OK - gust=9 speed=6 level=ok (fcst max 11)
[2026-05-02 19:05:38] OK - gust=11 speed=7 level=ok (fcst max 10)
[2026-05-02 20:01:35] OK - gust=10 speed=4 level=ok (fcst max 10)
[2026-05-02 21:16:11] OK - gust=6 speed=1 level=ok (fcst max 10)
[2026-05-02 22:03:24] OK - gust=9 speed=6 level=ok (fcst max 12)
[2026-05-02 22:58:50] OK - gust=11 speed=7 level=ok (fcst max 12)
[2026-05-02 23:49:24] OK - gust=12 speed=7 level=ok (fcst max 12)
[2026-05-03 00:34:47] OK - gust=10 speed=7 level=ok (fcst max 9)
[2026-05-03 01:26:45] OK - gust=9 speed=6 level=ok (fcst max 9)
[2026-05-03 02:07:04] OK - gust=9 speed=5 level=ok (fcst max 9)
[2026-05-03 06:09:57] OK - gust=9 speed=5 level=ok (fcst max 8)
[2026-05-03 08:39:05] OK - gust=6 speed=1 level=ok (fcst max 9)
[2026-05-03 10:24:33] OK - gust=9 speed=4 level=ok (fcst max 16)
[2026-05-03 11:45:34] OK - gust=12 speed=6 level=ok (fcst max 17)
[2026-05-03 12:49:40] OK - gust=17 speed=9 level=ok (fcst max 18)
[2026-05-03 13:37:56] OK - gust=18 speed=9 level=ok (fcst max 18)
[2026-05-03 14:34:33] OK - gust=17 speed=7 level=ok (fcst max 15)
[2026-05-03 15:59:25] OK - gust=12 speed=8 level=ok (fcst max 12)
[2026-05-03 16:54:49] OK - gust=12 speed=8 level=ok (fcst max 12)
[2026-05-03 17:41:27] OK - gust=11 speed=6 level=ok (fcst max 10)
[2026-05-03 18:29:01] OK - gust=10 speed=5 level=ok (fcst max 9)
[2026-05-03 19:26:30] OK - gust=9 speed=3 level=ok (fcst max 9)
[2026-05-03 20:10:08] OK - gust=6 speed=3 level=ok (fcst max 9)
[2026-05-03 21:17:23] OK - gust=8 speed=4 level=ok (fcst max 9)
[2026-05-03 22:04:48] OK - gust=10 speed=5 level=ok (fcst max 9)
[2026-05-03 23:01:33] OK - gust=8 speed=4 level=ok (fcst max 12)
[2026-05-03 23:59:12] OK - gust=8 speed=6 level=ok (fcst max 12)
[2026-05-04 00:51:34] OK - gust=8 speed=6 level=ok (fcst max 12)
[2026-05-04 01:38:52] OK - gust=10 speed=5 level=ok (fcst max 12)
[2026-05-04 03:19:59] OK - gust=6 speed=2 level=ok (fcst max 10)
[2026-05-04 06:56:10] OK - gust=9 speed=5 level=ok (fcst max 10)
[2026-05-04 09:45:59] OK - gust=13 speed=7 level=ok (fcst max 15)
[2026-05-04 12:08:40] OK - gust=16 speed=4 level=ok (fcst max 16)
[2026-05-04 14:04:24] Alert inviati: ['forecast'] | gust=9
[2026-05-04 16:29:34] OK - gust=18 speed=10 level=ok (fcst max 17)
[2026-05-04 18:19:02] OK - gust=9 speed=4 level=ok (fcst max 14)
[2026-05-04 19:58:43] Alert inviati: ['forecast'] | gust=11
[2026-05-04 21:46:03] OK - gust=12 speed=7 level=ok (fcst max 14)
[2026-05-04 23:02:36] Alert inviati: ['forecast'] | gust=14
[2026-05-05 00:14:06] OK - gust=10 speed=5 level=ok (fcst max 28)
[2026-05-05 01:10:38] OK - gust=13 speed=8 level=ok (fcst max 15)
[2026-05-05 02:06:47] OK - gust=15 speed=4 level=ok (fcst max 12)
[2026-05-05 05:49:16] OK - gust=11 speed=6 level=ok (fcst max 12)
[2026-05-05 08:11:29] Alert inviati: ['forecast'] | gust=13
[2026-05-05 10:27:39] OK - gust=12 speed=8 level=ok (fcst max 18)
[2026-05-05 12:17:54] OK - gust=16 speed=8 level=ok (fcst max 14)
[2026-05-05 13:46:19] OK - gust=12 speed=4 level=ok (fcst max 11)
[2026-05-05 15:25:58] OK - gust=7 speed=4 level=ok (fcst max 9)
[2026-05-05 19:02:08] OK - gust=9 speed=4 level=ok (fcst max 10)
[2026-05-05 20:45:37] OK - gust=10 speed=5 level=ok (fcst max 10)
[2026-05-05 22:03:43] OK - gust=8 speed=5 level=ok (fcst max 8)
[2026-05-05 23:13:35] OK - gust=8 speed=3 level=ok (fcst max 7)
[2026-05-06 00:13:00] OK - gust=7 speed=4 level=ok (fcst max 7)
[2026-05-06 01:11:56] OK - gust=5 speed=2 level=ok (fcst max 7)
[2026-05-06 02:02:57] OK - gust=6 speed=4 level=ok (fcst max 13)
[2026-05-06 06:02:55] OK - gust=6 speed=2 level=ok (fcst max 10)
[2026-05-06 08:43:54] OK - gust=13 speed=6 level=ok (fcst max 12)
[2026-05-06 11:10:16] OK - gust=9 speed=3 level=ok (fcst max 10)
[2026-05-06 13:19:05] OK - gust=18 speed=10 level=ok (fcst max 17)
[2026-05-06 15:11:03] Alert inviati: ['forecast'] | gust=14
[2026-05-06 17:33:21] Alert inviati: ['level_up', 'storm_forecast'] | gust=25
[2026-05-06 19:13:05] OK - gust=24 speed=6 level=warning (fcst max 26)
[2026-05-06 20:59:49] OK - gust=24 speed=10 level=warning (fcst max 23)
[2026-05-06 22:39:38] Alert inviati: ['recovery'] | gust=7
[2026-05-06 23:43:56] OK - gust=9 speed=6 level=ok (fcst max 11)
[2026-05-07 00:33:14] OK - gust=12 speed=7 level=ok (fcst max 14)
[2026-05-07 01:34:18] OK - gust=13 speed=7 level=ok (fcst max 12)
[2026-05-07 03:22:47] OK - gust=8 speed=3 level=ok (fcst max 8)
[2026-05-07 06:52:11] OK - gust=6 speed=4 level=ok (fcst max 7)
[2026-05-07 09:39:40] OK - gust=6 speed=2 level=ok (fcst max 10)
[2026-05-07 12:07:39] OK - gust=10 speed=4 level=ok (fcst max 10)
[2026-05-07 14:04:51] OK - gust=10 speed=4 level=ok (fcst max 7)
[2026-05-07 16:48:57] OK - gust=7 speed=6 level=ok (fcst max 9)
[2026-05-07 18:45:10] OK - gust=8 speed=5 level=ok (fcst max 8)
[2026-05-07 20:23:15] OK - gust=9 speed=4 level=ok (fcst max 10)
[2026-05-07 21:58:10] OK - gust=8 speed=5 level=ok (fcst max 9)
[2026-05-07 23:06:35] OK - gust=9 speed=5 level=ok (fcst max 9)
[2026-05-08 00:14:55] OK - gust=6 speed=5 level=ok (fcst max 9)
[2026-05-08 01:12:29] OK - gust=13 speed=7 level=ok (fcst max 12)
[2026-05-08 02:06:36] OK - gust=12 speed=5 level=ok (fcst max 13)
[2026-05-08 05:52:19] OK - gust=9 speed=5 level=ok (fcst max 9)
[2026-05-08 07:52:47] OK - gust=17 speed=8 level=ok (fcst max 17)
[2026-05-08 09:21:59] OK - gust=11 speed=5 level=ok (fcst max 12)
[2026-05-08 10:54:06] OK - gust=14 speed=8 level=ok (fcst max 14)
[2026-05-08 12:20:15] OK - gust=14 speed=8 level=ok (fcst max 13)
[2026-05-08 13:51:16] OK - gust=10 speed=4 level=ok (fcst max 10)
[2026-05-08 15:19:44] OK - gust=8 speed=4 level=ok (fcst max 9)
[2026-05-08 17:06:47] OK - gust=9 speed=4 level=ok (fcst max 8)
[2026-05-08 18:44:32] OK - gust=5 speed=0 level=ok (fcst max 7)
[2026-05-08 19:59:00] OK - gust=6 speed=4 level=ok (fcst max 9)
[2026-05-08 21:26:06] OK - gust=8 speed=4 level=ok (fcst max 9)
[2026-05-08 22:33:08] OK - gust=10 speed=6 level=ok (fcst max 12)
[2026-05-08 23:39:26] OK - gust=9 speed=7 level=ok (fcst max 12)
[2026-05-09 00:36:19] OK - gust=10 speed=7 level=ok (fcst max 11)
[2026-05-09 01:37:29] OK - gust=10 speed=6 level=ok (fcst max 11)
[2026-05-09 03:21:31] OK - gust=10 speed=6 level=ok (fcst max 9)
[2026-05-09 06:43:36] OK - gust=7 speed=5 level=ok (fcst max 8)
[2026-05-09 08:57:57] OK - gust=6 speed=3 level=ok (fcst max 5)
[2026-05-09 10:27:56] OK - gust=4 speed=3 level=ok (fcst max 8)
[2026-05-09 11:52:38] OK - gust=6 speed=5 level=ok (fcst max 9)
[2026-05-09 12:52:14] OK - gust=8 speed=5 level=ok (fcst max 12)
[2026-05-09 13:44:19] OK - gust=9 speed=5 level=ok (fcst max 12)
[2026-05-09 14:42:21] OK - gust=11 speed=6 level=ok (fcst max 12)
[2026-05-09 16:06:28] OK - gust=16 speed=11 level=ok (fcst max 15)
[2026-05-09 17:12:00] OK - gust=15 speed=8 level=ok (fcst max 10)
[2026-05-09 18:08:00] OK - gust=10 speed=2 level=ok (fcst max 8)
[2026-05-09 19:11:25] OK - gust=8 speed=6 level=ok (fcst max 8)
[2026-05-09 20:04:29] OK - gust=8 speed=4 level=ok (fcst max 9)
[2026-05-09 21:31:16] OK - gust=6 speed=3 level=ok (fcst max 10)
[2026-05-09 22:25:18] OK - gust=8 speed=6 level=ok (fcst max 12)
[2026-05-09 23:08:09] OK - gust=9 speed=7 level=ok (fcst max 12)
[2026-05-10 00:00:22] OK - gust=10 speed=7 level=ok (fcst max 13)
[2026-05-10 01:03:14] OK - gust=12 speed=7 level=ok (fcst max 12)
[2026-05-10 02:02:32] Alert inviati: ['storm_forecast'] | gust=11
[2026-05-10 06:13:14] OK - gust=14 speed=4 level=ok (fcst max 15)
[2026-05-10 08:44:41] OK - gust=16 speed=8 level=ok (fcst max 19)
[2026-05-10 10:31:01] OK - gust=11 speed=6 level=ok (fcst max 16)
[2026-05-10 12:01:48] OK - gust=14 speed=6 level=ok (fcst max 13)
[2026-05-10 13:13:14] Alert inviati: ['level_up'] | gust=20
[2026-05-10 14:03:16] Alert inviati: ['recovery'] | gust=18
[2026-05-10 15:54:15] OK - gust=15 speed=8 level=ok (fcst max 14)
[2026-05-10 16:46:55] OK - gust=14 speed=7 level=ok (fcst max 14)
[2026-05-10 17:46:43] OK - gust=13 speed=7 level=ok (fcst max 13)
[2026-05-10 18:46:29] OK - gust=12 speed=6 level=ok (fcst max 11)
[2026-05-10 19:44:28] OK - gust=10 speed=4 level=ok (fcst max 9)
[2026-05-10 20:39:14] OK - gust=8 speed=2 level=ok (fcst max 6)
[2026-05-10 21:44:22] OK - gust=6 speed=3 level=ok (fcst max 6)
[2026-05-10 22:30:27] OK - gust=5 speed=2 level=ok (fcst max 5)
[2026-05-10 23:32:34] OK - gust=5 speed=3 level=ok (fcst max 5)
[2026-05-11 00:28:07] OK - gust=5 speed=3 level=ok (fcst max 5)
[2026-05-11 01:27:14] OK - gust=5 speed=3 level=ok (fcst max 5)
[2026-05-11 03:22:02] OK - gust=3 speed=0 level=ok (fcst max 5)
[2026-05-11 07:12:28] OK - gust=5 speed=2 level=ok (fcst max 7)
[2026-05-11 10:35:59] OK - gust=10 speed=5 level=ok (fcst max 10)
[2026-05-11 13:46:13] OK - gust=12 speed=5 level=ok (fcst max 16)
[2026-05-11 16:36:43] OK - gust=9 speed=4 level=ok (fcst max 14)
[2026-05-11 19:12:04] OK - gust=13 speed=6 level=ok (fcst max 12)
[2026-05-11 21:09:21] OK - gust=9 speed=6 level=ok (fcst max 12)
[2026-05-11 22:53:00] OK - gust=9 speed=4 level=ok (fcst max 10)
[2026-05-12 00:01:42] OK - gust=9 speed=4 level=ok (fcst max 12)
[2026-05-12 01:10:15] OK - gust=9 speed=6 level=ok (fcst max 12)
[2026-05-12 02:09:18] OK - gust=12 speed=7 level=ok (fcst max 12)
[2026-05-12 06:03:30] OK - gust=10 speed=6 level=ok (fcst max 17)
[2026-05-12 08:47:24] OK - gust=16 speed=10 level=ok (fcst max 19)
[2026-05-12 11:32:05] Alert inviati: ['level_up'] | gust=23
[2026-05-12 13:33:31] Alert inviati: ['sudden'] | gust=32
[2026-05-12 15:24:30] OK - gust=31 speed=15 level=warning (fcst max 27)
[2026-05-12 17:58:41] OK - gust=24 speed=12 level=warning (fcst max 23)
[2026-05-12 20:02:47] Alert inviati: ['recovery'] | gust=14
[2026-05-12 22:06:06] OK - gust=8 speed=5 level=ok (fcst max 11)
[2026-05-12 23:38:30] OK - gust=9 speed=6 level=ok (fcst max 11)
[2026-05-13 00:44:05] OK - gust=9 speed=6 level=ok (fcst max 13)
[2026-05-13 01:42:58] OK - gust=10 speed=6 level=ok (fcst max 14)
[2026-05-13 03:28:56] OK - gust=13 speed=8 level=ok (fcst max 14)
[2026-05-13 07:12:52] OK - gust=9 speed=5 level=ok (fcst max 17)
[2026-05-13 10:12:13] OK - gust=17 speed=10 level=ok (fcst max 18)
[2026-05-13 12:43:15] OK - gust=14 speed=8 level=ok (fcst max 12)
[2026-05-13 14:33:34] OK - gust=9 speed=6 level=ok (fcst max 9)
[2026-05-13 17:35:42] OK - gust=8 speed=3 level=ok (fcst max 13)
[2026-05-13 19:50:31] OK - gust=9 speed=5 level=ok (fcst max 11)
[2026-05-13 21:46:48] OK - gust=5 speed=3 level=ok (fcst max 9)
[2026-05-13 23:22:09] OK - gust=8 speed=5 level=ok (fcst max 10)
[2026-05-14 00:43:37] OK - gust=10 speed=6 level=ok (fcst max 10)
[2026-05-14 01:42:54] OK - gust=10 speed=6 level=ok (fcst max 10)
[2026-05-14 03:32:36] OK - gust=10 speed=7 level=ok (fcst max 9)
[2026-05-14 07:33:20] OK - gust=8 speed=4 level=ok (fcst max 16)
[2026-05-14 10:17:21] OK - gust=17 speed=9 level=ok (fcst max 17)
[2026-05-14 12:41:24] Alert inviati: ['forecast'] | gust=14
[2026-05-14 14:17:44] Alert inviati: ['storm_forecast'] | gust=20
[2026-05-14 17:04:26] Alert inviati: ['level_up'] | gust=21
[2026-05-14 19:08:44] OK - gust=26 speed=15 level=warning (fcst max 24)
[2026-05-14 21:05:29] Alert inviati: ['recovery'] | gust=14
[2026-05-14 22:44:23] OK - gust=8 speed=5 level=ok (fcst max 9)
[2026-05-14 23:52:35] OK - gust=8 speed=4 level=ok (fcst max 10)
[2026-05-15 00:52:46] OK - gust=12 speed=6 level=ok (fcst max 11)
[2026-05-15 01:53:00] OK - gust=11 speed=4 level=ok (fcst max 10)
[2026-05-15 04:38:51] OK - gust=6 speed=3 level=ok (fcst max 12)
[2026-05-15 08:19:41] OK - gust=13 speed=5 level=ok (fcst max 17)
[2026-05-15 11:27:50] OK - gust=13 speed=9 level=ok (fcst max 18)
[2026-05-15 13:33:44] OK - gust=16 speed=13 level=ok (fcst max 18)
[2026-05-15 15:17:41] OK - gust=17 speed=5 level=ok (fcst max 15)
[2026-05-15 17:35:30] Alert inviati: ['level_up'] | gust=20
[2026-05-15 19:14:47] Alert inviati: ['recovery'] | gust=18
[2026-05-15 20:56:26] OK - gust=13 speed=8 level=ok (fcst max 15)
[2026-05-15 22:15:20] OK - gust=10 speed=5 level=ok (fcst max 10)
[2026-05-15 23:32:59] OK - gust=9 speed=3 level=ok (fcst max 9)
[2026-05-16 00:36:51] OK - gust=8 speed=1 level=ok (fcst max 9)
[2026-05-16 01:36:45] OK - gust=9 speed=6 level=ok (fcst max 9)
[2026-05-16 03:23:11] OK - gust=9 speed=5 level=ok (fcst max 9)
[2026-05-16 06:48:15] OK - gust=8 speed=5 level=ok (fcst max 8)
[2026-05-16 09:10:29] OK - gust=7 speed=4 level=ok (fcst max 15)
[2026-05-16 11:01:00] OK - gust=16 speed=9 level=ok (fcst max 17)
[2026-05-16 12:36:27] OK - gust=15 speed=8 level=ok (fcst max 16)
[2026-05-16 13:35:59] OK - gust=15 speed=9 level=ok (fcst max 16)
[2026-05-16 14:43:52] OK - gust=15 speed=7 level=ok (fcst max 14)
[2026-05-16 16:10:18] Alert inviati: ['forecast'] | gust=12
[2026-05-16 17:14:58] Alert inviati: ['level_up'] | gust=22
[2026-05-16 18:11:38] Alert inviati: ['recovery'] | gust=20
[2026-05-16 19:14:31] OK - gust=12 speed=8 level=ok (fcst max 15)
[2026-05-16 20:07:07] OK - gust=15 speed=5 level=ok (fcst max 13)
[2026-05-16 21:31:42] OK - gust=10 speed=3 level=ok (fcst max 13)
[2026-05-16 22:27:02] OK - gust=17 speed=6 level=ok (fcst max 12)
[2026-05-16 23:12:13] OK - gust=9 speed=6 level=ok (fcst max 12)
[2026-05-17 00:05:08] OK - gust=12 speed=3 level=ok (fcst max 12)
[2026-05-17 01:07:04] OK - gust=7 speed=6 level=ok (fcst max 13)
[2026-05-17 02:07:37] OK - gust=11 speed=6 level=ok (fcst max 13)
[2026-05-17 06:20:37] OK - gust=10 speed=6 level=ok (fcst max 9)
[2026-05-17 09:21:01] OK - gust=6 speed=3 level=ok (fcst max 10)
[2026-05-17 11:18:07] OK - gust=10 speed=5 level=ok (fcst max 11)
[2026-05-17 12:48:46] OK - gust=8 speed=4 level=ok (fcst max 12)
[2026-05-17 13:57:29] OK - gust=11 speed=10 level=ok (fcst max 12)
[2026-05-17 15:22:20] OK - gust=12 speed=8 level=ok (fcst max 12)
[2026-05-17 16:42:41] OK - gust=11 speed=7 level=ok (fcst max 12)
[2026-05-17 17:43:38] OK - gust=12 speed=10 level=ok (fcst max 12)
[2026-05-17 18:38:58] OK - gust=12 speed=7 level=ok (fcst max 11)
[2026-05-17 19:40:33] OK - gust=11 speed=6 level=ok (fcst max 10)
[2026-05-17 20:43:17] OK - gust=10 speed=4 level=ok (fcst max 10)
[2026-05-17 21:50:35] OK - gust=6 speed=2 level=ok (fcst max 14)
[2026-05-17 22:41:54] OK - gust=8 speed=4 level=ok (fcst max 14)
[2026-05-17 23:38:38] OK - gust=12 speed=8 level=ok (fcst max 14)
[2026-05-18 00:36:15] OK - gust=14 speed=5 level=ok (fcst max 13)
[2026-05-18 01:40:12] OK - gust=12 speed=5 level=ok (fcst max 10)
[2026-05-18 03:34:27] OK - gust=8 speed=5 level=ok (fcst max 8)
[2026-05-18 07:57:17] OK - gust=4 speed=1 level=ok (fcst max 6)
[2026-05-18 12:04:45] OK - gust=15 speed=7 level=ok (fcst max 20)
[2026-05-18 15:59:43] Alert inviati: ['level_up', 'sudden'] | gust=30
[2026-05-18 18:50:14] Alert inviati: ['recovery'] | gust=20
[2026-05-18 20:28:19] OK - gust=12 speed=6 level=ok (fcst max 19)
[2026-05-18 22:13:25] OK - gust=11 speed=4 level=ok (fcst max 10)
[2026-05-18 23:38:16] OK - gust=8 speed=2 level=ok (fcst max 10)
[2026-05-19 00:38:16] OK - gust=8 speed=5 level=ok (fcst max 11)
[2026-05-19 01:44:24] OK - gust=8 speed=5 level=ok (fcst max 11)
[2026-05-19 03:49:05] OK - gust=11 speed=5 level=ok (fcst max 12)
[2026-05-19 08:02:16] OK - gust=11 speed=3 level=ok (fcst max 10)
[2026-05-19 12:05:49] OK - gust=8 speed=6 level=ok (fcst max 12)
[2026-05-19 15:30:17] OK - gust=8 speed=7 level=ok (fcst max 15)
[2026-05-19 18:38:27] OK - gust=13 speed=8 level=ok (fcst max 14)
[2026-05-19 20:25:54] OK - gust=12 speed=6 level=ok (fcst max 10)
[2026-05-19 22:12:08] OK - gust=7 speed=5 level=ok (fcst max 13)
[2026-05-19 23:45:19] OK - gust=11 speed=8 level=ok (fcst max 13)
[2026-05-20 00:59:04] OK - gust=13 speed=8 level=ok (fcst max 13)
[2026-05-20 02:11:32] OK - gust=12 speed=7 level=ok (fcst max 11)
[2026-05-20 06:35:56] OK - gust=9 speed=5 level=ok (fcst max 8)
[2026-05-20 10:05:28] OK - gust=5 speed=1 level=ok (fcst max 8)
[2026-05-20 13:19:18] OK - gust=6 speed=5 level=ok (fcst max 13)
[2026-05-20 16:02:21] OK - gust=15 speed=7 level=ok (fcst max 14)
[2026-05-20 19:27:14] OK - gust=14 speed=7 level=ok (fcst max 13)
[2026-05-20 21:38:56] OK - gust=5 speed=1 level=ok (fcst max 13)
[2026-05-20 23:23:17] OK - gust=13 speed=8 level=ok (fcst max 13)
[2026-05-21 00:49:57] OK - gust=12 speed=6 level=ok (fcst max 12)
[2026-05-21 02:03:06] OK - gust=10 speed=6 level=ok (fcst max 11)
[2026-05-21 06:42:20] OK - gust=6 speed=3 level=ok (fcst max 7)
[2026-05-21 10:20:49] OK - gust=7 speed=4 level=ok (fcst max 12)
[2026-05-21 13:43:01] OK - gust=8 speed=6 level=ok (fcst max 10)
[2026-05-21 16:24:49] OK - gust=7 speed=5 level=ok (fcst max 15)
[2026-05-21 19:10:36] OK - gust=11 speed=6 level=ok (fcst max 11)
[2026-05-21 21:16:12] OK - gust=6 speed=2 level=ok (fcst max 9)
[2026-05-21 23:08:45] OK - gust=10 speed=6 level=ok (fcst max 10)
[2026-05-22 00:40:14] OK - gust=8 speed=6 level=ok (fcst max 9)
[2026-05-22 01:39:19] OK - gust=8 speed=6 level=ok (fcst max 9)
[2026-05-22 03:34:40] OK - gust=9 speed=6 level=ok (fcst max 9)
[2026-05-22 07:49:06] OK - gust=7 speed=2 level=ok (fcst max 9)
[2026-05-22 10:53:32] OK - gust=12 speed=6 level=ok (fcst max 12)
[2026-05-22 13:40:48] OK - gust=10 speed=7 level=ok (fcst max 9)
[2026-05-22 16:00:47] OK - gust=7 speed=6 level=ok (fcst max 8)
[2026-05-22 18:36:33] OK - gust=6 speed=4 level=ok (fcst max 8)
[2026-05-22 20:22:46] OK - gust=7 speed=4 level=ok (fcst max 9)
[2026-05-22 22:16:54] OK - gust=7 speed=5 level=ok (fcst max 11)
[2026-05-22 23:40:36] OK - gust=10 speed=7 level=ok (fcst max 11)
[2026-05-23 00:40:56] OK - gust=10 speed=6 level=ok (fcst max 12)
[2026-05-23 01:46:20] OK - gust=12 speed=7 level=ok (fcst max 12)
[2026-05-23 04:32:51] OK - gust=8 speed=5 level=ok (fcst max 8)
[2026-05-23 07:54:27] OK - gust=8 speed=4 level=ok (fcst max 8)
[2026-05-23 10:10:55] OK - gust=7 speed=3 level=ok (fcst max 7)
[2026-05-23 12:04:14] OK - gust=6 speed=6 level=ok (fcst max 11)
[2026-05-23 13:34:50] OK - gust=10 speed=5 level=ok (fcst max 11)
[2026-05-23 14:41:25] OK - gust=11 speed=5 level=ok (fcst max 10)
[2026-05-23 16:14:39] OK - gust=11 speed=4 level=ok (fcst max 10)
[2026-05-23 17:32:39] OK - gust=10 speed=6 level=ok (fcst max 10)
[2026-05-23 18:39:26] OK - gust=9 speed=5 level=ok (fcst max 9)
[2026-05-23 19:43:09] OK - gust=9 speed=5 level=ok (fcst max 9)
[2026-05-23 20:43:01] OK - gust=8 speed=4 level=ok (fcst max 9)
[2026-05-23 21:50:51] OK - gust=5 speed=3 level=ok (fcst max 10)
[2026-05-23 22:41:59] OK - gust=7 speed=5 level=ok (fcst max 11)
[2026-05-23 23:37:50] OK - gust=9 speed=6 level=ok (fcst max 11)
[2026-05-24 00:36:14] OK - gust=10 speed=6 level=ok (fcst max 10)
[2026-05-24 01:40:43] OK - gust=10 speed=6 level=ok (fcst max 10)
[2026-05-24 03:35:35] OK - gust=7 speed=5 level=ok (fcst max 8)
[2026-05-24 07:46:56] OK - gust=6 speed=4 level=ok (fcst max 7)
[2026-05-24 10:22:24] OK - gust=7 speed=3 level=ok (fcst max 8)
[2026-05-24 12:16:56] OK - gust=8 speed=6 level=ok (fcst max 10)
[2026-05-24 13:47:33] OK - gust=9 speed=6 level=ok (fcst max 11)
[2026-05-24 15:13:14] OK - gust=11 speed=4 level=ok (fcst max 10)
[2026-05-24 16:43:22] OK - gust=11 speed=5 level=ok (fcst max 10)
[2026-05-24 17:47:40] OK - gust=9 speed=5 level=ok (fcst max 9)
[2026-05-24 18:55:42] OK - gust=11 speed=6 level=ok (fcst max 11)
[2026-05-24 19:56:24] OK - gust=11 speed=5 level=ok (fcst max 11)
[2026-05-24 21:14:08] OK - gust=6 speed=2 level=ok (fcst max 13)
[2026-05-24 22:15:58] OK - gust=9 speed=6 level=ok (fcst max 13)
[2026-05-24 23:26:54] OK - gust=12 speed=8 level=ok (fcst max 13)
[2026-05-25 00:29:00] OK - gust=14 speed=8 level=ok (fcst max 13)
[2026-05-25 01:34:06] OK - gust=13 speed=7 level=ok (fcst max 14)
[2026-05-25 03:51:43] OK - gust=12 speed=8 level=ok (fcst max 13)
[2026-05-25 08:22:03] OK - gust=8 speed=3 level=ok (fcst max 9)
[2026-05-25 12:54:44] OK - gust=11 speed=5 level=ok (fcst max 16)
[2026-05-25 15:56:43] OK - gust=14 speed=8 level=ok (fcst max 14)
[2026-05-25 18:22:04] OK - gust=10 speed=7 level=ok (fcst max 10)
[2026-05-25 20:07:15] OK - gust=8 speed=4 level=ok (fcst max 9)
[2026-05-25 21:57:22] OK - gust=8 speed=4 level=ok (fcst max 9)
[2026-05-25 23:07:11] OK - gust=9 speed=7 level=ok (fcst max 13)
[2026-05-26 00:16:52] OK - gust=9 speed=7 level=ok (fcst max 14)
[2026-05-26 01:36:37] OK - gust=10 speed=7 level=ok (fcst max 12)
[2026-05-26 03:28:46] OK - gust=12 speed=6 level=ok (fcst max 12)
[2026-05-26 07:42:24] OK - gust=6 speed=4 level=ok (fcst max 6)
[2026-05-26 10:55:31] OK - gust=9 speed=3 level=ok (fcst max 14)
[2026-05-26 18:07:30] OK - gust=15 speed=8 level=ok (fcst max 17)
[2026-05-26 20:36:08] OK - gust=12 speed=5 level=ok (fcst max 12)
[2026-05-26 22:34:47] OK - gust=10 speed=7 level=ok (fcst max 12)
[2026-05-27 00:10:57] OK - gust=12 speed=7 level=ok (fcst max 11)
[2026-05-27 01:33:04] OK - gust=11 speed=7 level=ok (fcst max 11)
[2026-05-27 03:50:40] OK - gust=11 speed=6 level=ok (fcst max 11)
[2026-05-27 08:15:05] OK - gust=6 speed=1 level=ok (fcst max 6)
[2026-05-27 12:31:46] OK - gust=8 speed=5 level=ok (fcst max 10)
[2026-05-27 16:01:56] OK - gust=7 speed=5 level=ok (fcst max 14)
[2026-05-27 19:33:08] OK - gust=12 speed=6 level=ok (fcst max 10)
[2026-05-27 21:48:13] OK - gust=9 speed=6 level=ok (fcst max 14)
[2026-05-27 23:48:30] OK - gust=15 speed=8 level=ok (fcst max 14)
[2026-05-28 01:12:45] OK - gust=10 speed=6 level=ok (fcst max 12)
[2026-05-28 02:14:11] OK - gust=10 speed=5 level=ok (fcst max 12)
[2026-05-28 06:41:37] OK - gust=9 speed=4 level=ok (fcst max 9)
[2026-05-28 10:31:59] OK - gust=14 speed=8 level=ok (fcst max 15)
[2026-05-28 14:05:18] OK - gust=16 speed=9 level=ok (fcst max 16)
[2026-05-28 18:32:13] Alert inviati: ['forecast'] | gust=18
[2026-05-28 21:19:39] Alert inviati: ['forecast'] | gust=18
[2026-05-28 23:28:57] Alert inviati: ['level_up', 'sudden'] | gust=38
[2026-05-29 00:56:40] OK - gust=29 speed=18 level=warning (fcst max 38)
[2026-05-29 02:10:18] OK - gust=38 speed=18 level=warning (fcst max 28)
[2026-05-29 06:41:05] Alert inviati: ['forecast', 'recovery'] | gust=11
[2026-05-29 10:28:41] Alert inviati: ['level_up'] | gust=24
[2026-05-29 13:47:27] Alert inviati: ['recovery'] | gust=14
[2026-05-29 16:50:37] OK - gust=13 speed=10 level=ok (fcst max 13)
[2026-05-29 20:09:06] OK - gust=12 speed=8 level=ok (fcst max 14)
[2026-05-29 22:37:09] OK - gust=10 speed=6 level=ok (fcst max 10)
[2026-05-30 00:17:22] OK - gust=9 speed=5 level=ok (fcst max 9)
[2026-05-30 01:47:29] OK - gust=9 speed=6 level=ok (fcst max 9)
[2026-05-30 04:36:21] OK - gust=8 speed=4 level=ok (fcst max 8)
[2026-05-30 08:02:49] OK - gust=8 speed=4 level=ok (fcst max 9)
[2026-05-30 10:39:49] OK - gust=6 speed=5 level=ok (fcst max 8)
[2026-05-30 12:27:39] OK - gust=8 speed=5 level=ok (fcst max 14)
[2026-05-30 13:52:20] OK - gust=8 speed=8 level=ok (fcst max 13)
[2026-05-30 15:16:07] OK - gust=13 speed=7 level=ok (fcst max 13)
[2026-05-30 16:50:54] OK - gust=12 speed=7 level=ok (fcst max 12)
[2026-05-30 18:01:03] Alert inviati: ['forecast'] | gust=12
[2026-05-30 19:19:33] OK - gust=15 speed=5 level=ok (fcst max 31)
[2026-05-30 20:37:00] Alert inviati: ['level_up', 'sudden'] | gust=30
[2026-05-30 21:52:29] OK - gust=21 speed=4 level=warning (fcst max 16)
[2026-05-30 22:50:12] Alert inviati: ['recovery'] | gust=9
[2026-05-30 23:56:00] OK - gust=9 speed=5 level=ok (fcst max 10)
[2026-05-31 00:55:31] OK - gust=10 speed=4 level=ok (fcst max 11)
[2026-05-31 01:57:59] OK - gust=8 speed=4 level=ok (fcst max 11)
[2026-05-31 06:04:02] OK - gust=9 speed=6 level=ok (fcst max 10)
[2026-05-31 09:51:11] OK - gust=8 speed=3 level=ok (fcst max 11)
[2026-05-31 12:10:17] OK - gust=11 speed=6 level=ok (fcst max 15)
[2026-05-31 13:50:17] Alert inviati: ['forecast'] | gust=14
[2026-05-31 15:24:41] OK - gust=17 speed=8 level=ok (fcst max 30)
[2026-05-31 18:18:50] Alert inviati: ['level_up'] | gust=22
[2026-05-31 19:36:01] OK - gust=25 speed=2 level=warning (fcst max 12)
[2026-05-31 20:49:53] Alert inviati: ['recovery'] | gust=9
[2026-05-31 22:03:35] OK - gust=8 speed=3 level=ok (fcst max 17)
[2026-05-31 23:14:32] OK - gust=8 speed=5 level=ok (fcst max 17)
[2026-06-01 00:14:59] OK - gust=13 speed=8 level=ok (fcst max 17)
[2026-06-01 01:19:07] OK - gust=13 speed=8 level=ok (fcst max 14)
[2026-06-01 03:37:47] OK - gust=8 speed=3 level=ok (fcst max 7)
[2026-06-01 08:32:54] OK - gust=8 speed=2 level=ok (fcst max 11)
[2026-06-01 14:21:29] OK - gust=19 speed=15 level=ok (fcst max 19)
[2026-06-01 20:22:26] OK - gust=17 speed=8 level=ok (fcst max 16)
[2026-06-01 23:47:39] OK - gust=8 speed=4 level=ok (fcst max 13)
[2026-06-02 01:23:29] Alert inviati: ['level_up', 'sudden'] | gust=33
[2026-06-02 03:43:34] Alert inviati: ['sudden'] | gust=28
[2026-06-02 08:22:36] Alert inviati: ['recovery'] | gust=15
[2026-06-02 13:02:05] Alert inviati: ['level_up', 'storm_forecast'] | gust=25
[2026-06-02 17:09:36] OK - gust=28 speed=11 level=warning (fcst max 30)
[2026-06-02 20:53:17] Alert inviati: ['storm_now', 'recovery'] | gust=10
[2026-06-02 23:44:17] OK - gust=9 speed=4 level=ok (fcst max 8)
[2026-06-03 01:22:01] OK - gust=10 speed=4 level=ok (fcst max 8)
[2026-06-03 04:05:30] OK - gust=7 speed=4 level=ok (fcst max 12)
[2026-06-03 09:07:08] OK - gust=4 speed=1 level=ok (fcst max 13)
[2026-06-03 14:08:49] OK - gust=15 speed=8 level=ok (fcst max 16)
[2026-06-03 19:15:57] OK - gust=17 speed=8 level=ok (fcst max 16)
[2026-06-03 22:34:49] OK - gust=9 speed=6 level=ok (fcst max 13)
[2026-06-04 00:52:22] OK - gust=12 speed=7 level=ok (fcst max 12)
[2026-06-04 02:27:09] Alert inviati: ['forecast'] | gust=11
[2026-06-04 07:20:52] OK - gust=10 speed=4 level=ok (fcst max 17)
[2026-06-04 11:08:59] OK - gust=18 speed=9 level=ok (fcst max 17)
[2026-06-04 17:56:17] Alert inviati: ['forecast'] | gust=19
[2026-06-04 20:12:43] OK - gust=14 speed=5 level=ok (fcst max 15)
[2026-06-04 22:24:49] OK - gust=13 speed=5 level=ok (fcst max 9)
[2026-06-04 23:59:14] OK - gust=6 speed=3 level=ok (fcst max 9)
[2026-06-05 01:13:23] OK - gust=5 speed=3 level=ok (fcst max 10)
[2026-06-05 03:30:46] OK - gust=9 speed=3 level=ok (fcst max 9)
[2026-06-05 08:06:42] OK - gust=10 speed=4 level=ok (fcst max 7)
[2026-06-05 12:14:28] OK - gust=10 speed=5 level=ok (fcst max 12)
[2026-06-05 15:26:07] OK - gust=13 speed=9 level=ok (fcst max 13)
[2026-06-05 18:11:56] OK - gust=15 speed=8 level=ok (fcst max 11)
[2026-06-05 20:07:41] OK - gust=8 speed=4 level=ok (fcst max 8)
[2026-06-05 22:10:20] OK - gust=6 speed=3 level=ok (fcst max 9)
[2026-06-05 23:43:15] OK - gust=9 speed=5 level=ok (fcst max 9)
[2026-06-06 00:47:52] OK - gust=8 speed=5 level=ok (fcst max 13)
[2026-06-06 02:01:43] OK - gust=9 speed=5 level=ok (fcst max 13)
[2026-06-06 06:18:34] OK - gust=7 speed=4 level=ok (fcst max 10)
[2026-06-06 09:29:06] OK - gust=14 speed=8 level=ok (fcst max 14)
[2026-06-06 11:34:28] OK - gust=18 speed=10 level=ok (fcst max 18)
[2026-06-06 13:10:09] OK - gust=15 speed=12 level=ok (fcst max 14)
[2026-06-06 14:16:24] OK - gust=13 speed=5 level=ok (fcst max 9)
[2026-06-06 16:14:57] OK - gust=10 speed=7 level=ok (fcst max 10)
[2026-06-06 17:41:37] OK - gust=8 speed=6 level=ok (fcst max 13)
[2026-06-06 18:46:05] OK - gust=9 speed=5 level=ok (fcst max 12)
[2026-06-06 20:02:12] OK - gust=12 speed=5 level=ok (fcst max 8)
[2026-06-06 21:45:46] OK - gust=6 speed=4 level=ok (fcst max 8)
[2026-06-06 22:57:53] OK - gust=8 speed=4 level=ok (fcst max 9)
[2026-06-07 00:03:49] OK - gust=8 speed=5 level=ok (fcst max 9)
[2026-06-07 01:15:48] OK - gust=8 speed=5 level=ok (fcst max 8)
[2026-06-07 03:35:01] OK - gust=8 speed=5 level=ok (fcst max 9)
[2026-06-07 08:06:46] OK - gust=6 speed=1 level=ok (fcst max 9)
[2026-06-07 11:34:13] OK - gust=9 speed=7 level=ok (fcst max 8)
[2026-06-07 13:25:11] OK - gust=9 speed=5 level=ok (fcst max 9)
[2026-06-07 14:58:10] OK - gust=6 speed=5 level=ok (fcst max 11)
[2026-06-07 16:53:44] OK - gust=9 speed=5 level=ok (fcst max 9)
[2026-06-07 18:10:16] OK - gust=9 speed=6 level=ok (fcst max 14)
[2026-06-07 19:39:32] OK - gust=10 speed=6 level=ok (fcst max 11)
[2026-06-07 20:55:46] OK - gust=8 speed=3 level=ok (fcst max 8)
[2026-06-07 22:08:11] OK - gust=4 speed=2 level=ok (fcst max 10)
[2026-06-07 23:35:11] OK - gust=8 speed=6 level=ok (fcst max 10)
[2026-06-08 00:44:22] OK - gust=10 speed=6 level=ok (fcst max 11)
[2026-06-08 01:46:39] OK - gust=10 speed=6 level=ok (fcst max 11)
[2026-06-08 04:59:28] OK - gust=10 speed=5 level=ok (fcst max 9)
[2026-06-08 10:16:37] OK - gust=10 speed=5 level=ok (fcst max 12)
[2026-06-08 14:44:17] OK - gust=13 speed=9 level=ok (fcst max 16)
[2026-06-08 18:39:41] Alert inviati: ['forecast'] | gust=13
[2026-06-08 21:07:45] Alert inviati: ['level_up'] | gust=23
[2026-06-08 23:16:41] Alert inviati: ['recovery'] | gust=17
[2026-06-09 00:54:12] OK - gust=6 speed=3 level=ok (fcst max 6)
[2026-06-09 02:00:37] OK - gust=5 speed=4 level=ok (fcst max 8)
[2026-06-09 06:32:24] OK - gust=6 speed=3 level=ok (fcst max 6)
[2026-06-09 10:20:16] OK - gust=9 speed=4 level=ok (fcst max 14)
[2026-06-09 13:36:43] OK - gust=15 speed=8 level=ok (fcst max 15)
[2026-06-09 16:02:50] OK - gust=12 speed=5 level=ok (fcst max 18)
[2026-06-09 18:45:56] OK - gust=16 speed=9 level=ok (fcst max 18)
[2026-06-09 21:10:15] OK - gust=11 speed=2 level=ok (fcst max 11)
[2026-06-09 23:08:23] OK - gust=18 speed=8 level=ok (fcst max 13)
[2026-06-10 00:48:02] OK - gust=10 speed=2 level=ok (fcst max 10)
[2026-06-10 02:06:58] OK - gust=10 speed=4 level=ok (fcst max 8)
[2026-06-10 06:46:05] OK - gust=6 speed=4 level=ok (fcst max 10)
[2026-06-10 10:44:35] OK - gust=8 speed=6 level=ok (fcst max 9)
[2026-06-10 14:02:22] Alert inviati: ['forecast', 'storm_forecast'] | gust=12
[2026-06-10 18:06:40] Alert inviati: ['level_up', 'sudden'] | gust=60
[2026-06-10 20:41:09] Alert inviati: ['sudden'] | gust=44
[2026-06-10 23:13:46] Alert inviati: ['recovery'] | gust=8
[2026-06-11 00:57:22] OK - gust=10 speed=6 level=ok (fcst max 12)
[2026-06-11 02:15:23] OK - gust=7 speed=3 level=ok (fcst max 9)
[2026-06-11 07:07:08] OK - gust=8 speed=4 level=ok (fcst max 8)
[2026-06-11 18:57:21] OK - gust=18 speed=10 level=ok (fcst max 18)
[2026-06-11 21:35:28] OK - gust=7 speed=2 level=ok (fcst max 11)
[2026-06-11 23:49:00] OK - gust=12 speed=8 level=ok (fcst max 14)
[2026-06-12 01:17:08] OK - gust=14 speed=8 level=ok (fcst max 13)
[2026-06-12 03:42:48] OK - gust=9 speed=6 level=ok (fcst max 10)
[2026-06-12 08:19:31] OK - gust=6 speed=3 level=ok (fcst max 13)
[2026-06-12 12:46:53] OK - gust=12 speed=7 level=ok (fcst max 11)
[2026-06-12 16:03:38] OK - gust=11 speed=5 level=ok (fcst max 12)
[2026-06-12 19:13:28] OK - gust=9 speed=5 level=ok (fcst max 9)
[2026-06-12 21:22:15] OK - gust=6 speed=3 level=ok (fcst max 12)
[2026-06-12 23:11:15] OK - gust=9 speed=6 level=ok (fcst max 13)
[2026-06-13 00:46:50] OK - gust=12 speed=7 level=ok (fcst max 12)
[2026-06-13 02:16:15] OK - gust=11 speed=6 level=ok (fcst max 10)
[2026-06-13 06:58:03] OK - gust=8 speed=5 level=ok (fcst max 8)
[2026-06-13 10:21:30] OK - gust=8 speed=3 level=ok (fcst max 11)
[2026-06-13 12:44:04] OK - gust=9 speed=4 level=ok (fcst max 13)
[2026-06-13 14:16:21] OK - gust=12 speed=5 level=ok (fcst max 13)
[2026-06-13 16:35:52] OK - gust=12 speed=5 level=ok (fcst max 16)
[2026-06-13 18:04:15] OK - gust=12 speed=7 level=ok (fcst max 16)
[2026-06-13 19:43:53] OK - gust=12 speed=6 level=ok (fcst max 10)
[2026-06-13 20:57:50] OK - gust=10 speed=5 level=ok (fcst max 11)
[2026-06-13 22:16:56] OK - gust=10 speed=7 level=ok (fcst max 14)
[2026-06-13 23:43:10] OK - gust=12 speed=7 level=ok (fcst max 14)
[2026-06-14 00:46:28] OK - gust=12 speed=7 level=ok (fcst max 12)
[2026-06-14 02:01:18] OK - gust=11 speed=5 level=ok (fcst max 8)
[2026-06-14 07:04:29] OK - gust=5 speed=3 level=ok (fcst max 7)
[2026-06-14 10:47:59] OK - gust=9 speed=4 level=ok (fcst max 12)
[2026-06-14 13:25:51] OK - gust=13 speed=6 level=ok (fcst max 14)
[2026-06-14 15:12:06] OK - gust=13 speed=6 level=ok (fcst max 14)
[2026-06-14 17:17:38] OK - gust=13 speed=7 level=ok (fcst max 17)
[2026-06-14 18:53:17] OK - gust=15 speed=10 level=ok (fcst max 17)
[2026-06-14 20:08:40] OK - gust=16 speed=7 level=ok (fcst max 10)
[2026-06-14 21:56:07] OK - gust=7 speed=0 level=ok (fcst max 9)
[2026-06-14 23:08:20] OK - gust=8 speed=5 level=ok (fcst max 9)
[2026-06-15 00:21:12] OK - gust=9 speed=5 level=ok (fcst max 9)
[2026-06-15 01:44:09] OK - gust=7 speed=4 level=ok (fcst max 9)
[2026-06-15 04:05:49] OK - gust=9 speed=6 level=ok (fcst max 9)
[2026-06-15 09:36:49] OK - gust=9 speed=5 level=ok (fcst max 13)
[2026-06-15 15:38:25] OK - gust=16 speed=10 level=ok (fcst max 18)
[2026-06-15 20:15:13] OK - gust=16 speed=4 level=ok (fcst max 10)
[2026-06-15 23:25:31] OK - gust=13 speed=8 level=ok (fcst max 13)
[2026-06-16 01:15:29] OK - gust=12 speed=7 level=ok (fcst max 12)
[2026-06-16 04:05:01] OK - gust=10 speed=6 level=ok (fcst max 10)
[2026-06-16 09:41:22] OK - gust=13 speed=7 level=ok (fcst max 16)
[2026-06-16 14:29:50] OK - gust=12 speed=9 level=ok (fcst max 12)
[2026-06-16 19:33:57] OK - gust=15 speed=8 level=ok (fcst max 16)
[2026-06-16 22:30:58] OK - gust=4 speed=1 level=ok (fcst max 8)
[2026-06-17 00:34:47] OK - gust=8 speed=4 level=ok (fcst max 9)
[2026-06-17 02:03:36] OK - gust=8 speed=5 level=ok (fcst max 10)
[2026-06-17 07:14:47] OK - gust=8 speed=4 level=ok (fcst max 7)
[2026-06-17 12:05:45] OK - gust=12 speed=6 level=ok (fcst max 13)
[2026-06-17 15:59:12] OK - gust=13 speed=6 level=ok (fcst max 13)
[2026-06-17 18:56:01] OK - gust=12 speed=7 level=ok (fcst max 12)
[2026-06-17 21:23:27] OK - gust=6 speed=2 level=ok (fcst max 12)
[2026-06-17 23:27:14] OK - gust=11 speed=7 level=ok (fcst max 11)
[2026-06-18 00:57:26] OK - gust=11 speed=6 level=ok (fcst max 11)
[2026-06-18 02:15:59] OK - gust=10 speed=6 level=ok (fcst max 10)
[2026-06-18 07:13:44] OK - gust=7 speed=3 level=ok (fcst max 9)
[2026-06-18 11:46:27] OK - gust=13 speed=7 level=ok (fcst max 13)
[2026-06-18 14:47:54] OK - gust=12 speed=11 level=ok (fcst max 15)
[2026-06-18 18:23:49] Alert inviati: ['level_up', 'sudden'] | gust=32
[2026-06-18 20:40:17] Alert inviati: ['recovery'] | gust=16
[2026-06-18 23:11:28] OK - gust=10 speed=6 level=ok (fcst max 13)
[2026-06-19 01:04:23] OK - gust=11 speed=6 level=ok (fcst max 12)
[2026-06-19 04:04:29] OK - gust=10 speed=6 level=ok (fcst max 10)
[2026-06-19 09:25:45] OK - gust=4 speed=2 level=ok (fcst max 9)
[2026-06-19 13:46:41] OK - gust=6 speed=6 level=ok (fcst max 12)
[2026-06-19 16:51:38] OK - gust=15 speed=8 level=ok (fcst max 17)
[2026-06-19 19:13:29] Alert inviati: ['level_up', 'sudden'] | gust=33
[2026-06-19 21:10:06] Alert inviati: ['recovery'] | gust=16
[2026-06-19 22:45:43] OK - gust=11 speed=6 level=ok (fcst max 12)
[2026-06-20 00:00:18] OK - gust=10 speed=6 level=ok (fcst max 12)
[2026-06-20 01:12:54] OK - gust=17 speed=6 level=ok (fcst max 14)
[2026-06-20 02:20:06] OK - gust=13 speed=6 level=ok (fcst max 12)
[2026-06-20 06:49:05] OK - gust=10 speed=6 level=ok (fcst max 10)
[2026-06-20 10:18:36] OK - gust=10 speed=5 level=ok (fcst max 13)
[2026-06-20 12:55:59] OK - gust=13 speed=8 level=ok (fcst max 12)
[2026-06-20 14:25:18] Alert inviati: ['forecast'] | gust=10
[2026-06-20 16:39:14] Alert inviati: ['level_up', 'sudden'] | gust=37
[2026-06-20 18:06:12] Alert inviati: ['sudden'] | gust=27
[2026-06-20 19:46:45] Alert inviati: ['recovery'] | gust=19
[2026-06-20 21:16:14] OK - gust=8 speed=4 level=ok (fcst max 12)
[2026-06-20 22:48:28] OK - gust=9 speed=5 level=ok (fcst max 11)
[2026-06-21 00:01:54] OK - gust=10 speed=6 level=ok (fcst max 15)
[2026-06-21 01:35:48] OK - gust=11 speed=7 level=ok (fcst max 11)
[2026-06-21 04:04:11] OK - gust=11 speed=4 level=ok (fcst max 12)
[2026-06-21 09:05:54] OK - gust=13 speed=6 level=ok (fcst max 12)
[2026-06-21 12:45:08] OK - gust=13 speed=6 level=ok (fcst max 13)
[2026-06-21 15:02:31] OK - gust=13 speed=6 level=ok (fcst max 18)
[2026-06-21 17:16:12] Alert inviati: ['forecast'] | gust=16
[2026-06-21 19:00:57] Alert inviati: ['storm_now'] | gust=13
[2026-06-21 20:48:01] Alert inviati: ['level_up', 'sudden'] | gust=31
[2026-06-21 22:20:35] Alert inviati: ['level_up', 'sudden'] | gust=53
[2026-06-21 23:51:15] Alert inviati: ['recovery'] | gust=18
[2026-06-22 01:05:40] OK - gust=11 speed=6 level=ok (fcst max 17)
[2026-06-22 02:20:51] OK - gust=17 speed=10 level=ok (fcst max 17)
[2026-06-22 07:39:26] OK - gust=11 speed=5 level=ok (fcst max 13)
[2026-06-22 13:20:30] OK - gust=8 speed=7 level=ok (fcst max 10)
[2026-06-22 18:08:33] Alert inviati: ['forecast'] | gust=17
[2026-06-22 21:45:13] Alert inviati: ['forecast'] | gust=11
[2026-06-22 23:58:11] Alert inviati: ['forecast'] | gust=14
[2026-06-23 01:22:12] Alert inviati: ['level_up', 'sudden'] | gust=30
[2026-06-23 03:28:11] OK - gust=22 speed=12 level=warning (fcst max 21)
[2026-06-23 07:42:20] Alert inviati: ['recovery'] | gust=8
[2026-06-23 10:46:23] OK - gust=16 speed=8 level=ok (fcst max 16)
[2026-06-23 13:55:30] OK - gust=8 speed=2 level=ok (fcst max 16)
[2026-06-23 16:38:25] OK - gust=18 speed=12 level=ok (fcst max 17)
[2026-06-23 19:04:03] Alert inviati: ['forecast', 'storm_forecast'] | gust=20
[2026-06-23 21:18:16] Alert inviati: ['level_up', 'sudden', 'storm_now'] | gust=46
[2026-06-23 23:12:46] Alert inviati: ['recovery'] | gust=20
[2026-06-24 00:38:38] OK - gust=15 speed=7 level=ok (fcst max 19)
[2026-06-24 01:40:06] Alert inviati: ['forecast'] | gust=16
[2026-06-24 03:30:13] OK - gust=11 speed=6 level=ok (fcst max 22)
[2026-06-24 07:48:27] OK - gust=6 speed=3 level=ok (fcst max 13)
[2026-06-24 10:57:27] OK - gust=15 speed=7 level=ok (fcst max 15)
[2026-06-24 13:44:59] Alert inviati: ['level_up', 'sudden'] | gust=22
[2026-06-24 15:54:24] Alert inviati: ['forecast', 'recovery'] | gust=15
[2026-06-24 18:13:00] Alert inviati: ['level_up', 'sudden'] | gust=52
[2026-06-24 20:08:21] Alert inviati: ['sudden'] | gust=37
[2026-06-24 22:05:28] Alert inviati: ['recovery'] | gust=11
[2026-06-24 23:43:57] OK - gust=6 speed=4 level=ok (fcst max 10)
[2026-06-25 00:53:02] OK - gust=10 speed=5 level=ok (fcst max 10)
[2026-06-25 02:03:49] OK - gust=10 speed=2 level=ok (fcst max 9)
[2026-06-25 06:32:19] OK - gust=8 speed=3 level=ok (fcst max 7)
[2026-06-25 10:02:41] OK - gust=9 speed=5 level=ok (fcst max 9)
[2026-06-25 13:07:11] Alert inviati: ['forecast'] | gust=9
[2026-06-25 15:24:55] Alert inviati: ['forecast'] | gust=16
[2026-06-25 17:58:38] Alert inviati: ['level_up', 'sudden'] | gust=26
[2026-06-25 20:12:45] OK - gust=24 speed=10 level=warning (fcst max 19)
[2026-06-25 22:22:01] OK - gust=37 speed=8 level=warning (fcst max 14)
[2026-06-25 23:59:16] Alert inviati: ['recovery'] | gust=13
[2026-06-26 01:22:58] OK - gust=12 speed=5 level=ok (fcst max 11)
[2026-06-26 03:35:29] OK - gust=11 speed=6 level=ok (fcst max 10)
[2026-06-26 07:55:23] OK - gust=7 speed=4 level=ok (fcst max 10)
[2026-06-26 10:55:34] OK - gust=6 speed=1 level=ok (fcst max 7)
[2026-06-26 13:41:59] OK - gust=8 speed=5 level=ok (fcst max 9)
[2026-06-26 15:35:33] OK - gust=8 speed=6 level=ok (fcst max 14)
[2026-06-26 17:59:32] Alert inviati: ['forecast'] | gust=18
[2026-06-26 19:56:05] Alert inviati: ['level_up'] | gust=23
[2026-06-26 21:43:02] Alert inviati: ['recovery'] | gust=15
[2026-06-26 23:08:41] OK - gust=7 speed=2 level=ok (fcst max 9)
[2026-06-27 00:34:51] OK - gust=9 speed=6 level=ok (fcst max 10)
[2026-06-27 01:46:08] OK - gust=9 speed=5 level=ok (fcst max 10)
[2026-06-27 04:38:48] OK - gust=9 speed=4 level=ok (fcst max 9)
[2026-06-27 08:16:35] OK - gust=8 speed=2 level=ok (fcst max 12)
[2026-06-27 11:10:10] OK - gust=9 speed=7 level=ok (fcst max 14)
[2026-06-27 13:03:20] OK - gust=12 speed=5 level=ok (fcst max 13)
[2026-06-27 14:17:08] Alert inviati: ['forecast'] | gust=12
